z:\github\zwhy2022\qtdemo_2dpaintingexample\x64\release\main.obj
z:\github\zwhy2022\qtdemo_2dpaintingexample\x64\release\qtdemo_helper.obj
z:\github\zwhy2022\qtdemo_2dpaintingexample\x64\release\qtdemo_widget.obj
z:\github\zwhy2022\qtdemo_2dpaintingexample\x64\release\moc_qtdemo_widget.obj
z:\github\zwhy2022\qtdemo_2dpaintingexample\x64\release\moc_qtdemo_helper.obj
z:\github\zwhy2022\qtdemo_2dpaintingexample\x64\release\moc_qtdemo_2dpaintingexample.obj
z:\github\zwhy2022\qtdemo_2dpaintingexample\x64\release\qrc_qtdemo_2dpaintingexample.obj
z:\github\zwhy2022\qtdemo_2dpaintingexample\x64\release\moc_qtdemo_widgetgl.obj
z:\github\zwhy2022\qtdemo_2dpaintingexample\x64\release\qtdemo_widgetgl.obj
z:\github\zwhy2022\qtdemo_2dpaintingexample\x64\release\qtdemo_2dpaintingexample.obj
z:\github\zwhy2022\qtdemo_2dpaintingexample\x64\release\vc141.pdb
z:\github\zwhy2022\x64\release\qtdemo_2dpaintingexample.exe
z:\github\zwhy2022\x64\release\qtdemo_2dpaintingexample.ilk
z:\github\zwhy2022\x64\release\qtdemo_2dpaintingexample.pdb
z:\github\zwhy2022\qtdemo_2dpaintingexample\x64\release\moc\moc_qtdemo_widget.cpp
z:\github\zwhy2022\qtdemo_2dpaintingexample\x64\release\rcc\qrc_qtdemo_2dpaintingexample.cpp
z:\github\zwhy2022\qtdemo_2dpaintingexample\x64\release\moc\moc_qtdemo_2dpaintingexample.cpp
z:\github\zwhy2022\qtdemo_2dpaintingexample\x64\release\moc\moc_qtdemo_helper.cpp
z:\github\zwhy2022\qtdemo_2dpaintingexample\x64\release\moc\moc_qtdemo_widgetgl.cpp
z:\github\zwhy2022\qtdemo_2dpaintingexample\x64\release\qtdemo_2.ea8fd188.tlog\cl.command.1.tlog
z:\github\zwhy2022\qtdemo_2dpaintingexample\x64\release\qtdemo_2.ea8fd188.tlog\cl.read.1.tlog
z:\github\zwhy2022\qtdemo_2dpaintingexample\x64\release\qtdemo_2.ea8fd188.tlog\cl.write.1.tlog
z:\github\zwhy2022\qtdemo_2dpaintingexample\x64\release\qtdemo_2.ea8fd188.tlog\link.command.1.tlog
z:\github\zwhy2022\qtdemo_2dpaintingexample\x64\release\qtdemo_2.ea8fd188.tlog\link.read.1.tlog
z:\github\zwhy2022\qtdemo_2dpaintingexample\x64\release\qtdemo_2.ea8fd188.tlog\link.write.1.tlog
z:\github\zwhy2022\qtdemo_2dpaintingexample\x64\release\qtdemo_2.ea8fd188.tlog\moc.read.1u.tlog
z:\github\zwhy2022\qtdemo_2dpaintingexample\x64\release\qtdemo_2.ea8fd188.tlog\moc.write.1u.tlog
z:\github\zwhy2022\qtdemo_2dpaintingexample\x64\release\qtdemo_2.ea8fd188.tlog\qtdemo_2dpaintingexample.write.1u.tlog
z:\github\zwhy2022\qtdemo_2dpaintingexample\x64\release\qtdemo_2.ea8fd188.tlog\rcc.read.1u.tlog
z:\github\zwhy2022\qtdemo_2dpaintingexample\x64\release\qtdemo_2.ea8fd188.tlog\rcc.write.1u.tlog
